c:\users\user-pc\desktop\new folder (4)\source_rust_v5_seller_wsc (1)\driver\x64\debug\vc142.pdb
c:\users\user-pc\desktop\new folder (4)\source_rust_v5_seller_wsc (1)\driver\x64\debug\ksocket.obj
c:\users\user-pc\desktop\new folder (4)\source_rust_v5_seller_wsc (1)\driver\x64\debug\berkeley.obj
c:\users\user-pc\desktop\new folder (4)\source_rust_v5_seller_wsc (1)\driver\x64\debug\server.obj
c:\users\user-pc\desktop\new folder (4)\source_rust_v5_seller_wsc (1)\driver\x64\debug\packet_handler.obj
c:\users\user-pc\desktop\new folder (4)\source_rust_v5_seller_wsc (1)\driver\x64\debug\main.obj
c:\users\user-pc\desktop\new folder (4)\source_rust_v5_seller_wsc (1)\x64\debug\maindrivservice.sys
c:\users\user-pc\desktop\new folder (4)\source_rust_v5_seller_wsc (1)\x64\debug\maindrivservice.pdb
c:\users\user-pc\desktop\new folder (4)\source_rust_v5_seller_wsc (1)\driver\x64\debug\driver.res
c:\users\user-pc\desktop\new folder (4)\source_rust_v5_seller_wsc (1)\x64\debug\maindrivservice.cer
c:\users\user-pc\desktop\new folder (4)\source_rust_v5_seller_wsc (1)\driver\x64\debug\maindrivservice.tlog\cl.command.1.tlog
c:\users\user-pc\desktop\new folder (4)\source_rust_v5_seller_wsc (1)\driver\x64\debug\maindrivservice.tlog\cl.read.1.tlog
c:\users\user-pc\desktop\new folder (4)\source_rust_v5_seller_wsc (1)\driver\x64\debug\maindrivservice.tlog\cl.write.1.tlog
c:\users\user-pc\desktop\new folder (4)\source_rust_v5_seller_wsc (1)\driver\x64\debug\maindrivservice.tlog\link.command.1.tlog
c:\users\user-pc\desktop\new folder (4)\source_rust_v5_seller_wsc (1)\driver\x64\debug\maindrivservice.tlog\link.read.1.tlog
c:\users\user-pc\desktop\new folder (4)\source_rust_v5_seller_wsc (1)\driver\x64\debug\maindrivservice.tlog\link.write.1.tlog
c:\users\user-pc\desktop\new folder (4)\source_rust_v5_seller_wsc (1)\driver\x64\debug\maindrivservice.tlog\rc.command.1.tlog
c:\users\user-pc\desktop\new folder (4)\source_rust_v5_seller_wsc (1)\driver\x64\debug\maindrivservice.tlog\rc.read.1.tlog
c:\users\user-pc\desktop\new folder (4)\source_rust_v5_seller_wsc (1)\driver\x64\debug\maindrivservice.tlog\rc.write.1.tlog
c:\users\user-pc\desktop\new folder (4)\source_rust_v5_seller_wsc (1)\driver\x64\debug\maindrivservice.tlog\signtool.command.1.tlog
c:\users\user-pc\desktop\new folder (4)\source_rust_v5_seller_wsc (1)\driver\x64\debug\maindrivservice.tlog\signtool.read.1.tlog
c:\users\user-pc\desktop\new folder (4)\source_rust_v5_seller_wsc (1)\driver\x64\debug\maindrivservice.tlog\signtool.timestamp.1.tlog
c:\users\user-pc\desktop\new folder (4)\source_rust_v5_seller_wsc (1)\driver\x64\debug\maindrivservice.tlog\signtool.write.1.tlog
